SF:/Users/rnio/Private/GitHub/tree/src/main.rs
FN:110,_RNvCsg4OB4iV6MRN_4tree4main
FN:140,_RNvNtCsg4OB4iV6MRN_4tree5tests21create_test_directory
FN:215,_RNvNtCsg4OB4iV6MRN_4tree5testss_16test_cli_parsing
FN:270,_RNvNtCsg4OB4iV6MRN_4tree5testss_27test_nested_directory_clear
FN:243,_RNvNtCsg4OB4iV6MRN_4tree5testss_30test_main_function_integration
FN:159,_RNvNtCsg4OB4iV6MRN_4tree5testss_31test_clear_ignore_files_success
FN:176,_RNvNtCsg4OB4iV6MRN_4tree5testss_32test_clear_ignore_files_no_files
FN:255,_RNvNtCsg4OB4iV6MRN_4tree5testss_33test_clear_with_permission_errors
FN:200,_RNvNtCsg4OB4iV6MRN_4tree5testss_37test_clear_ignore_files_not_directory
FN:189,_RNvNtCsg4OB4iV6MRN_4tree5testss_40test_clear_ignore_files_nonexistent_path
FN:38,_RNvCsg4OB4iV6MRN_4tree18clear_ignore_files
FNDA:0,_RNvCsg4OB4iV6MRN_4tree4main
FNDA:3,_RNvNtCsg4OB4iV6MRN_4tree5tests21create_test_directory
FNDA:1,_RNvNtCsg4OB4iV6MRN_4tree5testss_16test_cli_parsing
FNDA:1,_RNvNtCsg4OB4iV6MRN_4tree5testss_27test_nested_directory_clear
FNDA:1,_RNvNtCsg4OB4iV6MRN_4tree5testss_30test_main_function_integration
FNDA:1,_RNvNtCsg4OB4iV6MRN_4tree5testss_31test_clear_ignore_files_success
FNDA:1,_RNvNtCsg4OB4iV6MRN_4tree5testss_32test_clear_ignore_files_no_files
FNDA:1,_RNvNtCsg4OB4iV6MRN_4tree5testss_33test_clear_with_permission_errors
FNDA:1,_RNvNtCsg4OB4iV6MRN_4tree5testss_37test_clear_ignore_files_not_directory
FNDA:1,_RNvNtCsg4OB4iV6MRN_4tree5testss_40test_clear_ignore_files_nonexistent_path
FNDA:6,_RNvCsg4OB4iV6MRN_4tree18clear_ignore_files
FNF:11
FNH:10
DA:38,6
DA:40,6
DA:41,1
DA:42,5
DA:44,5
DA:45,1
DA:46,4
DA:48,4
DA:50,4
DA:51,4
DA:52,4
DA:55,25
DA:56,4
DA:58,25
DA:59,25
DA:60,25
DA:63,25
DA:64,12
DA:65,13
DA:68,25
DA:69,8
DA:70,8
DA:71,8
DA:72,8
DA:73,8
DA:74,0
DA:75,0
DA:76,0
DA:77,0
DA:78,0
DA:80,17
DA:82,0
DA:83,0
DA:84,0
DA:85,0
DA:86,0
DA:87,0
DA:92,4
DA:93,4
DA:94,4
DA:96,4
DA:97,0
DA:98,0
DA:99,4
DA:101,4
DA:102,1
DA:103,3
DA:104,3
DA:105,3
DA:107,4
DA:108,6
DA:110,0
DA:111,0
DA:114,0
DA:115,0
DA:116,0
DA:119,0
DA:120,0
DA:121,0
DA:123,0
DA:124,0
DA:125,0
DA:128,0
DA:130,0
DA:131,0
DA:140,3
DA:141,3
DA:142,3
DA:145,3
DA:146,3
DA:148,3
DA:149,3
DA:152,3
DA:153,3
DA:155,3
DA:156,3
DA:159,1
DA:160,1
DA:161,1
DA:164,1
DA:165,1
DA:168,1
DA:171,1
DA:172,1
DA:173,1
DA:176,1
DA:177,1
DA:178,1
DA:181,1
DA:182,1
DA:185,1
DA:186,1
DA:189,1
DA:190,1
DA:192,1
DA:193,1
DA:195,1
DA:196,1
DA:197,1
DA:200,1
DA:201,1
DA:202,1
DA:205,1
DA:207,1
DA:208,1
DA:210,1
DA:211,1
DA:212,1
DA:215,1
DA:217,1
DA:218,1
DA:219,1
DA:222,1
DA:223,1
DA:224,1
DA:227,1
DA:228,1
DA:229,1
DA:232,1
DA:233,1
DA:234,1
DA:237,1
DA:238,1
DA:239,1
DA:240,1
DA:243,1
DA:244,1
DA:245,1
DA:248,1
DA:251,1
DA:252,1
DA:255,1
DA:256,1
DA:257,1
DA:260,1
DA:261,1
DA:265,1
DA:266,1
DA:267,1
DA:270,1
DA:271,1
DA:272,1
DA:275,1
DA:277,1
DA:278,1
DA:279,1
DA:280,1
DA:283,1
DA:286,1
DA:287,1
DA:288,1
DA:289,1
DA:290,1
BRF:0
BRH:0
LF:153
LH:126
end_of_record
SF:/Users/rnio/Private/GitHub/tree/src/tree_printer.rs
FN:179,_RINvNtCsg4OB4iV6MRN_4tree12tree_printer20print_directory_treeRNtNtCsdfB75elLdI8_3std4path4PathEB4_
FN:30,_RINvNtCsg4OB4iV6MRN_4tree12tree_printer20read_ignore_patternsRNtNtCsdfB75elLdI8_3std4path4PathEB4_
FN:51,_RINvNtCsg4OB4iV6MRN_4tree12tree_printer26create_default_ignore_fileRNtNtCsdfB75elLdI8_3std4path4PathEB4_
FN:112,_RINvNtCsg4OB4iV6MRN_4tree12tree_printer36print_directory_tree_recursive_shortINtNtNtCsdfB75elLdI8_3std2io6cursor6CursorINtNtCs7ZNJgePCJgb_5alloc3vec3VechEEEB4_
FN:112,_RINvNtCsg4OB4iV6MRN_4tree12tree_printer36print_directory_tree_recursive_shortNtNtNtCsdfB75elLdI8_3std2io5stdio10StdoutLockEB4_
FN:198,_RNCINvNtCsg4OB4iV6MRN_4tree12tree_printer20print_directory_treeRNtNtCsdfB75elLdI8_3std4path4PathE0B6_
FN:214,_RNCINvNtCsg4OB4iV6MRN_4tree12tree_printer20print_directory_treeRNtNtCsdfB75elLdI8_3std4path4PathEs0_0B6_
FN:203,_RNCINvNtCsg4OB4iV6MRN_4tree12tree_printer20print_directory_treeRNtNtCsdfB75elLdI8_3std4path4PathEs_0B6_
FN:38,_RNCINvNtCsg4OB4iV6MRN_4tree12tree_printer20read_ignore_patternsRNtNtCsdfB75elLdI8_3std4path4PathE0B6_
FN:43,_RNCINvNtCsg4OB4iV6MRN_4tree12tree_printer20read_ignore_patternsRNtNtCsdfB75elLdI8_3std4path4PathEs_0B6_
FN:103,_RNCINvNtCsg4OB4iV6MRN_4tree12tree_printer26create_default_ignore_fileRNtNtCsdfB75elLdI8_3std4path4PathE0B6_
FN:119,_RNCINvNtCsg4OB4iV6MRN_4tree12tree_printer36print_directory_tree_recursive_shortINtNtNtCsdfB75elLdI8_3std2io6cursor6CursorINtNtCs7ZNJgePCJgb_5alloc3vec3VechEEE0B6_
FN:134,_RNCINvNtCsg4OB4iV6MRN_4tree12tree_printer36print_directory_tree_recursive_shortINtNtNtCsdfB75elLdI8_3std2io6cursor6CursorINtNtCs7ZNJgePCJgb_5alloc3vec3VechEEEs0_0B6_
FN:127,_RNCINvNtCsg4OB4iV6MRN_4tree12tree_printer36print_directory_tree_recursive_shortINtNtNtCsdfB75elLdI8_3std2io6cursor6CursorINtNtCs7ZNJgePCJgb_5alloc3vec3VechEEEs_0B6_
FN:119,_RNCINvNtCsg4OB4iV6MRN_4tree12tree_printer36print_directory_tree_recursive_shortNtNtNtCsdfB75elLdI8_3std2io5stdio10StdoutLockE0B6_
FN:134,_RNCINvNtCsg4OB4iV6MRN_4tree12tree_printer36print_directory_tree_recursive_shortNtNtNtCsdfB75elLdI8_3std2io5stdio10StdoutLockEs0_0B6_
FN:127,_RNCINvNtCsg4OB4iV6MRN_4tree12tree_printer36print_directory_tree_recursive_shortNtNtNtCsdfB75elLdI8_3std2io5stdio10StdoutLockEs_0B6_
FN:129,_RNCNCINvNtCsg4OB4iV6MRN_4tree12tree_printer36print_directory_tree_recursive_shortINtNtNtCsdfB75elLdI8_3std2io6cursor6CursorINtNtCs7ZNJgePCJgb_5alloc3vec3VechEEEs_00B8_
FN:129,_RNCNCINvNtCsg4OB4iV6MRN_4tree12tree_printer36print_directory_tree_recursive_shortNtNtNtCsdfB75elLdI8_3std2io5stdio10StdoutLockEs_00B8_
FN:26,_RNCNCNvNtCsg4OB4iV6MRN_4tree12tree_printer13should_ignore00B7_
FN:26,_RNCNvNtCsg4OB4iV6MRN_4tree12tree_printer13should_ignore0B5_
FN:237,_RNvNtNtCsg4OB4iV6MRN_4tree12tree_printer5tests21create_test_directory
FN:329,_RNvNtNtCsg4OB4iV6MRN_4tree12tree_printer5testss_31test_create_default_ignore_file
FN:258,_RNvNtNtCsg4OB4iV6MRN_4tree12tree_printer5testss_32test_should_ignore_with_patterns
FN:302,_RNvNtNtCsg4OB4iV6MRN_4tree12tree_printer5testss_35test_read_ignore_patterns_with_file
FN:278,_RNvNtNtCsg4OB4iV6MRN_4tree12tree_printer5testss_35test_should_ignore_without_patterns
FN:345,_RNvNtNtCsg4OB4iV6MRN_4tree12tree_printer5testss_41test_print_directory_tree_recursive_short
FN:295,_RNvNtNtCsg4OB4iV6MRN_4tree12tree_printer5testss_42test_read_ignore_patterns_nonexistent_file
FN:367,_RNvNtNtCsg4OB4iV6MRN_4tree12tree_printer5testss_44test_print_directory_tree_with_ignored_paths
FN:388,_RNvNtNtCsg4OB4iV6MRN_4tree12tree_printer5testss_45test_print_directory_tree_creates_ignore_file
FN:404,_RNvNtNtCsg4OB4iV6MRN_4tree12tree_printer5testss_51test_print_directory_tree_uses_existing_ignore_file
FN:25,_RNvNtCsg4OB4iV6MRN_4tree12tree_printer13should_ignore
FNDA:3,_RINvNtCsg4OB4iV6MRN_4tree12tree_printer20print_directory_treeRNtNtCsdfB75elLdI8_3std4path4PathEB4_
FNDA:5,_RINvNtCsg4OB4iV6MRN_4tree12tree_printer20read_ignore_patternsRNtNtCsdfB75elLdI8_3std4path4PathEB4_
FNDA:2,_RINvNtCsg4OB4iV6MRN_4tree12tree_printer26create_default_ignore_fileRNtNtCsdfB75elLdI8_3std4path4PathEB4_
FNDA:7,_RINvNtCsg4OB4iV6MRN_4tree12tree_printer36print_directory_tree_recursive_shortINtNtNtCsdfB75elLdI8_3std2io6cursor6CursorINtNtCs7ZNJgePCJgb_5alloc3vec3VechEEEB4_
FNDA:9,_RINvNtCsg4OB4iV6MRN_4tree12tree_printer36print_directory_tree_recursive_shortNtNtNtCsdfB75elLdI8_3std2io5stdio10StdoutLockEB4_
FNDA:22,_RNCINvNtCsg4OB4iV6MRN_4tree12tree_printer20print_directory_treeRNtNtCsdfB75elLdI8_3std4path4PathE0B6_
FNDA:27,_RNCINvNtCsg4OB4iV6MRN_4tree12tree_printer20print_directory_treeRNtNtCsdfB75elLdI8_3std4path4PathEs0_0B6_
FNDA:23,_RNCINvNtCsg4OB4iV6MRN_4tree12tree_printer20print_directory_treeRNtNtCsdfB75elLdI8_3std4path4PathEs_0B6_
FNDA:0,_RNCINvNtCsg4OB4iV6MRN_4tree12tree_printer20read_ignore_patternsRNtNtCsdfB75elLdI8_3std4path4PathE0B6_
FNDA:57,_RNCINvNtCsg4OB4iV6MRN_4tree12tree_printer20read_ignore_patternsRNtNtCsdfB75elLdI8_3std4path4PathEs_0B6_
FNDA:0,_RNCINvNtCsg4OB4iV6MRN_4tree12tree_printer26create_default_ignore_fileRNtNtCsdfB75elLdI8_3std4path4PathE0B6_
FNDA:3,_RNCINvNtCsg4OB4iV6MRN_4tree12tree_printer36print_directory_tree_recursive_shortINtNtNtCsdfB75elLdI8_3std2io6cursor6CursorINtNtCs7ZNJgePCJgb_5alloc3vec3VechEEE0B6_
FNDA:11,_RNCINvNtCsg4OB4iV6MRN_4tree12tree_printer36print_directory_tree_recursive_shortINtNtNtCsdfB75elLdI8_3std2io6cursor6CursorINtNtCs7ZNJgePCJgb_5alloc3vec3VechEEEs0_0B6_
FNDA:15,_RNCINvNtCsg4OB4iV6MRN_4tree12tree_printer36print_directory_tree_recursive_shortINtNtNtCsdfB75elLdI8_3std2io6cursor6CursorINtNtCs7ZNJgePCJgb_5alloc3vec3VechEEEs_0B6_
FNDA:10,_RNCINvNtCsg4OB4iV6MRN_4tree12tree_printer36print_directory_tree_recursive_shortNtNtNtCsdfB75elLdI8_3std2io5stdio10StdoutLockE0B6_
FNDA:20,_RNCINvNtCsg4OB4iV6MRN_4tree12tree_printer36print_directory_tree_recursive_shortNtNtNtCsdfB75elLdI8_3std2io5stdio10StdoutLockEs0_0B6_
FNDA:22,_RNCINvNtCsg4OB4iV6MRN_4tree12tree_printer36print_directory_tree_recursive_shortNtNtNtCsdfB75elLdI8_3std2io5stdio10StdoutLockEs_0B6_
FNDA:7,_RNCNCINvNtCsg4OB4iV6MRN_4tree12tree_printer36print_directory_tree_recursive_shortINtNtNtCsdfB75elLdI8_3std2io6cursor6CursorINtNtCs7ZNJgePCJgb_5alloc3vec3VechEEEs_00B8_
FNDA:26,_RNCNCINvNtCsg4OB4iV6MRN_4tree12tree_printer36print_directory_tree_recursive_shortNtNtNtCsdfB75elLdI8_3std2io5stdio10StdoutLockEs_00B8_
FNDA:197,_RNCNCNvNtCsg4OB4iV6MRN_4tree12tree_printer13should_ignore00B7_
FNDA:26,_RNCNvNtCsg4OB4iV6MRN_4tree12tree_printer13should_ignore0B5_
FNDA:9,_RNvNtNtCsg4OB4iV6MRN_4tree12tree_printer5tests21create_test_directory
FNDA:1,_RNvNtNtCsg4OB4iV6MRN_4tree12tree_printer5testss_31test_create_default_ignore_file
FNDA:1,_RNvNtNtCsg4OB4iV6MRN_4tree12tree_printer5testss_32test_should_ignore_with_patterns
FNDA:1,_RNvNtNtCsg4OB4iV6MRN_4tree12tree_printer5testss_35test_read_ignore_patterns_with_file
FNDA:1,_RNvNtNtCsg4OB4iV6MRN_4tree12tree_printer5testss_35test_should_ignore_without_patterns
FNDA:1,_RNvNtNtCsg4OB4iV6MRN_4tree12tree_printer5testss_41test_print_directory_tree_recursive_short
FNDA:1,_RNvNtNtCsg4OB4iV6MRN_4tree12tree_printer5testss_42test_read_ignore_patterns_nonexistent_file
FNDA:1,_RNvNtNtCsg4OB4iV6MRN_4tree12tree_printer5testss_44test_print_directory_tree_with_ignored_paths
FNDA:1,_RNvNtNtCsg4OB4iV6MRN_4tree12tree_printer5testss_45test_print_directory_tree_creates_ignore_file
FNDA:1,_RNvNtNtCsg4OB4iV6MRN_4tree12tree_printer5testss_51test_print_directory_tree_uses_existing_ignore_file
FNDA:26,_RNvNtCsg4OB4iV6MRN_4tree12tree_printer13should_ignore
FNF:27
FNH:25
DA:25,26
DA:26,197
DA:27,26
DA:30,5
DA:31,5
DA:33,5
DA:34,1
DA:35,4
DA:37,4
DA:38,4
DA:40,4
DA:41,4
DA:42,4
DA:43,57
DA:44,4
DA:45,4
DA:47,4
DA:48,5
DA:51,2
DA:52,2
DA:53,2
DA:55,2
DA:56,2
DA:57,2
DA:58,2
DA:59,2
DA:60,2
DA:61,2
DA:62,2
DA:63,2
DA:64,2
DA:65,2
DA:66,2
DA:67,2
DA:68,2
DA:69,2
DA:70,2
DA:71,2
DA:72,2
DA:73,2
DA:74,2
DA:75,2
DA:76,2
DA:77,2
DA:78,2
DA:79,2
DA:80,2
DA:81,2
DA:82,2
DA:83,2
DA:84,2
DA:85,2
DA:86,2
DA:87,2
DA:88,2
DA:89,2
DA:90,2
DA:91,2
DA:92,2
DA:93,2
DA:94,2
DA:95,2
DA:96,2
DA:97,2
DA:98,2
DA:99,2
DA:100,2
DA:102,2
DA:103,2
DA:105,2
DA:106,2
DA:108,2
DA:109,2
DA:112,16
DA:113,16
DA:114,16
DA:115,16
DA:116,16
DA:117,16
DA:119,16
DA:120,0
DA:121,16
DA:124,16
DA:125,16
DA:126,16
DA:127,37
DA:129,37
DA:130,37
DA:131,16
DA:134,31
DA:135,31
DA:136,31
DA:138,31
DA:139,16
DA:140,0
DA:141,15
DA:143,31
DA:145,34
DA:146,34
DA:147,34
DA:148,34
DA:151,34
DA:152,16
DA:154,18
DA:158,34
DA:159,34
DA:162,34
DA:163,11
DA:164,11
DA:165,11
DA:166,11
DA:167,11
DA:168,11
DA:169,0
DA:170,23
DA:173,16
DA:174,16
DA:179,3
DA:180,3
DA:181,3
DA:182,3
DA:183,3
DA:186,3
DA:187,3
DA:188,1
DA:189,2
DA:192,3
DA:195,3
DA:196,3
DA:197,3
DA:198,22
DA:199,3
DA:201,3
DA:202,3
DA:203,23
DA:204,3
DA:207,3
DA:208,3
DA:209,3
DA:210,3
DA:212,3
DA:213,3
DA:214,27
DA:215,3
DA:218,3
DA:219,3
DA:220,3
DA:221,3
DA:224,3
DA:226,3
DA:227,3
DA:237,9
DA:238,9
DA:239,9
DA:242,9
DA:243,9
DA:244,9
DA:246,9
DA:247,9
DA:249,9
DA:250,9
DA:252,9
DA:254,9
DA:255,9
DA:258,1
DA:259,1
DA:260,1
DA:263,1
DA:264,1
DA:266,1
DA:268,3
DA:269,2
DA:270,2
DA:271,1
DA:272,1
DA:273,0
DA:275,1
DA:278,1
DA:279,1
DA:280,1
DA:282,1
DA:283,1
DA:285,1
DA:287,4
DA:288,3
DA:289,3
DA:290,0
DA:292,1
DA:295,1
DA:296,1
DA:297,1
DA:298,1
DA:299,1
DA:302,1
DA:303,1
DA:304,1
DA:307,1
DA:308,1
DA:309,1
DA:310,1
DA:311,1
DA:312,1
DA:313,1
DA:314,1
DA:316,1
DA:317,1
DA:319,1
DA:321,1
DA:322,1
DA:323,1
DA:324,1
DA:325,1
DA:326,1
DA:329,1
DA:330,1
DA:331,1
DA:333,1
DA:335,1
DA:336,1
DA:338,1
DA:339,1
DA:340,1
DA:341,1
DA:342,1
DA:345,1
DA:346,1
DA:347,1
DA:349,1
DA:350,1
DA:352,1
DA:353,1
DA:355,1
DA:358,1
DA:359,1
DA:360,1
DA:363,1
DA:364,1
DA:367,1
DA:368,1
DA:369,1
DA:371,1
DA:372,1
DA:374,1
DA:375,1
DA:377,1
DA:380,1
DA:381,1
DA:384,1
DA:385,1
DA:388,1
DA:389,1
DA:390,1
DA:392,1
DA:394,1
DA:395,1
DA:398,1
DA:399,1
DA:400,1
DA:401,1
DA:404,1
DA:405,1
DA:406,1
DA:409,1
DA:410,1
DA:411,1
DA:413,1
DA:416,1
DA:417,1
DA:418,1
DA:419,1
BRF:0
BRH:0
LF:282
LH:275
end_of_record