SF:/Users/rnio/Private/GitHub/tree/src/bin/tree.rs
FN:28,_RNvCsjUomtSlq7GJ_4tree4main
FN:28,_RNvCsjPYXuFuwSZg_4tree4main
FNDA:0,_RNvCsjUomtSlq7GJ_4tree4main
FNDA:8,_RNvCsjPYXuFuwSZg_4tree4main
FNF:1
FNH:1
DA:28,8
DA:29,8
DA:31,8
DA:32,2
DA:33,2
DA:35,6
DA:38,6
DA:39,8
BRF:0
BRH:0
LF:8
LH:8
end_of_record
SF:/Users/rnio/Private/GitHub/tree/src/lib.rs
FN:106,_RINvCs783jmKTKXyJ_4tree5printINtNtCs7ZNJgePCJgb_5alloc3vec3VechEECsd6w2qWaW15T_14property_tests
FN:150,_RNvCs783jmKTKXyJ_4tree5clear
FN:106,_RINvCs783jmKTKXyJ_4tree5printpEB2_
FN:106,_RINvCs10tvkwnf5vW_4tree5printpEB2_
FN:150,_RNvCs10tvkwnf5vW_4tree5clear
FN:106,_RINvCs783jmKTKXyJ_4tree5printNtNtNtCsdfB75elLdI8_3std2io5stdio6StdoutECsjPYXuFuwSZg_4tree
FNDA:1032,_RINvCs783jmKTKXyJ_4tree5printINtNtCs7ZNJgePCJgb_5alloc3vec3VechEECsd6w2qWaW15T_14property_tests
FNDA:776,_RNvCs783jmKTKXyJ_4tree5clear
FNDA:0,_RINvCs783jmKTKXyJ_4tree5printpEB2_
FNDA:0,_RINvCs10tvkwnf5vW_4tree5printpEB2_
FNDA:0,_RNvCs10tvkwnf5vW_4tree5clear
FNDA:4,_RINvCs783jmKTKXyJ_4tree5printNtNtNtCsdfB75elLdI8_3std2io5stdio6StdoutECsjPYXuFuwSZg_4tree
FNF:2
FNH:2
DA:106,1036
DA:108,1036
DA:109,1
DA:110,1035
DA:112,1035
DA:113,1
DA:114,1034
DA:116,1034
DA:117,1036
DA:150,776
DA:152,776
DA:153,0
DA:154,776
DA:156,776
DA:157,0
DA:158,776
DA:160,776
DA:161,776
BRF:0
BRH:0
LF:18
LH:16
end_of_record
SF:/Users/rnio/Private/GitHub/tree/src/tree_printer.rs
FN:26,_RINvNtCs783jmKTKXyJ_4tree12tree_printer20read_ignore_patternsRNtNtCsdfB75elLdI8_3std4path4PathECsd6w2qWaW15T_14property_tests
FN:47,_RINvNtCs783jmKTKXyJ_4tree12tree_printer26create_default_ignore_fileRNtNtCsdfB75elLdI8_3std4path4PathECsd6w2qWaW15T_14property_tests
FN:240,_RINvNtCs783jmKTKXyJ_4tree12tree_printer30print_directory_tree_to_writerINtNtCs7ZNJgePCJgb_5alloc3vec3VechEECsd6w2qWaW15T_14property_tests
FN:115,_RINvNtCs783jmKTKXyJ_4tree12tree_printer36print_directory_tree_recursive_shortINtNtCs7ZNJgePCJgb_5alloc3vec3VechEECsd6w2qWaW15T_14property_tests
FN:34,_RNCINvNtCs783jmKTKXyJ_4tree12tree_printer20read_ignore_patternsRNtNtCsdfB75elLdI8_3std4path4PathE0Csd6w2qWaW15T_14property_tests
FN:39,_RNCINvNtCs783jmKTKXyJ_4tree12tree_printer20read_ignore_patternsRNtNtCsdfB75elLdI8_3std4path4PathEs_0Csd6w2qWaW15T_14property_tests
FN:98,_RNCINvNtCs783jmKTKXyJ_4tree12tree_printer26create_default_ignore_fileRNtNtCsdfB75elLdI8_3std4path4PathE0Csd6w2qWaW15T_14property_tests
FN:259,_RNCINvNtCs783jmKTKXyJ_4tree12tree_printer30print_directory_tree_to_writerINtNtCs7ZNJgePCJgb_5alloc3vec3VechEE0Csd6w2qWaW15T_14property_tests
FN:268,_RNCINvNtCs783jmKTKXyJ_4tree12tree_printer30print_directory_tree_to_writerINtNtCs7ZNJgePCJgb_5alloc3vec3VechEEs0_0Csd6w2qWaW15T_14property_tests
FN:281,_RNCINvNtCs783jmKTKXyJ_4tree12tree_printer30print_directory_tree_to_writerINtNtCs7ZNJgePCJgb_5alloc3vec3VechEEs1_0Csd6w2qWaW15T_14property_tests
FN:282,_RNCINvNtCs783jmKTKXyJ_4tree12tree_printer30print_directory_tree_to_writerINtNtCs7ZNJgePCJgb_5alloc3vec3VechEEs2_0Csd6w2qWaW15T_14property_tests
FN:264,_RNCINvNtCs783jmKTKXyJ_4tree12tree_printer30print_directory_tree_to_writerINtNtCs7ZNJgePCJgb_5alloc3vec3VechEEs_0Csd6w2qWaW15T_14property_tests
FN:122,_RNCINvNtCs783jmKTKXyJ_4tree12tree_printer36print_directory_tree_recursive_shortINtNtCs7ZNJgePCJgb_5alloc3vec3VechEE0Csd6w2qWaW15T_14property_tests
FN:137,_RNCINvNtCs783jmKTKXyJ_4tree12tree_printer36print_directory_tree_recursive_shortINtNtCs7ZNJgePCJgb_5alloc3vec3VechEEs0_0Csd6w2qWaW15T_14property_tests
FN:130,_RNCINvNtCs783jmKTKXyJ_4tree12tree_printer36print_directory_tree_recursive_shortINtNtCs7ZNJgePCJgb_5alloc3vec3VechEEs_0Csd6w2qWaW15T_14property_tests
FN:132,_RNCNCINvNtCs783jmKTKXyJ_4tree12tree_printer36print_directory_tree_recursive_shortINtNtCs7ZNJgePCJgb_5alloc3vec3VechEEs_00Csd6w2qWaW15T_14property_tests
FN:18,_RNvNtCs783jmKTKXyJ_4tree12tree_printer13should_ignore
FN:296,_RNvNtCs783jmKTKXyJ_4tree12tree_printer24clear_ignore_files_count
FN:22,_RNCNCNvNtCs783jmKTKXyJ_4tree12tree_printer13should_ignore00B7_
FN:22,_RNCNvNtCs783jmKTKXyJ_4tree12tree_printer13should_ignore0B5_
FN:182,_RINvNtCs783jmKTKXyJ_4tree12tree_printer20print_directory_treepEB4_
FN:26,_RINvNtCs783jmKTKXyJ_4tree12tree_printer20read_ignore_patternspEB4_
FN:47,_RINvNtCs783jmKTKXyJ_4tree12tree_printer26create_default_ignore_filepEB4_
FN:240,_RINvNtCs783jmKTKXyJ_4tree12tree_printer30print_directory_tree_to_writerpEB4_
FN:115,_RINvNtCs783jmKTKXyJ_4tree12tree_printer36print_directory_tree_recursive_shortpEB4_
FN:201,_RNCINvNtCs783jmKTKXyJ_4tree12tree_printer20print_directory_treepE0B6_
FN:217,_RNCINvNtCs783jmKTKXyJ_4tree12tree_printer20print_directory_treepEs0_0B6_
FN:206,_RNCINvNtCs783jmKTKXyJ_4tree12tree_printer20print_directory_treepEs_0B6_
FN:34,_RNCINvNtCs783jmKTKXyJ_4tree12tree_printer20read_ignore_patternspE0B6_
FN:39,_RNCINvNtCs783jmKTKXyJ_4tree12tree_printer20read_ignore_patternspEs_0B6_
FN:98,_RNCINvNtCs783jmKTKXyJ_4tree12tree_printer26create_default_ignore_filepE0B6_
FN:259,_RNCINvNtCs783jmKTKXyJ_4tree12tree_printer30print_directory_tree_to_writerpE0B6_
FN:268,_RNCINvNtCs783jmKTKXyJ_4tree12tree_printer30print_directory_tree_to_writerpEs0_0B6_
FN:281,_RNCINvNtCs783jmKTKXyJ_4tree12tree_printer30print_directory_tree_to_writerpEs1_0B6_
FN:282,_RNCINvNtCs783jmKTKXyJ_4tree12tree_printer30print_directory_tree_to_writerpEs2_0B6_
FN:264,_RNCINvNtCs783jmKTKXyJ_4tree12tree_printer30print_directory_tree_to_writerpEs_0B6_
FN:122,_RNCINvNtCs783jmKTKXyJ_4tree12tree_printer36print_directory_tree_recursive_shortpE0B6_
FN:137,_RNCINvNtCs783jmKTKXyJ_4tree12tree_printer36print_directory_tree_recursive_shortpEs0_0B6_
FN:130,_RNCINvNtCs783jmKTKXyJ_4tree12tree_printer36print_directory_tree_recursive_shortpEs_0B6_
FN:132,_RNCNCINvNtCs783jmKTKXyJ_4tree12tree_printer36print_directory_tree_recursive_shortpEs_00B8_
FN:240,_RINvNtCs10tvkwnf5vW_4tree12tree_printer30print_directory_tree_to_writerpEB4_
FN:259,_RNCINvNtCs10tvkwnf5vW_4tree12tree_printer30print_directory_tree_to_writerpE0B6_
FN:268,_RNCINvNtCs10tvkwnf5vW_4tree12tree_printer30print_directory_tree_to_writerpEs0_0B6_
FN:281,_RNCINvNtCs10tvkwnf5vW_4tree12tree_printer30print_directory_tree_to_writerpEs1_0B6_
FN:282,_RNCINvNtCs10tvkwnf5vW_4tree12tree_printer30print_directory_tree_to_writerpEs2_0B6_
FN:264,_RNCINvNtCs10tvkwnf5vW_4tree12tree_printer30print_directory_tree_to_writerpEs_0B6_
FN:296,_RNvNtCs10tvkwnf5vW_4tree12tree_printer24clear_ignore_files_count
FN:182,_RINvNtCs10tvkwnf5vW_4tree12tree_printer20print_directory_treeRNtNtCsdfB75elLdI8_3std4path4PathEB4_
FN:26,_RINvNtCs10tvkwnf5vW_4tree12tree_printer20read_ignore_patternsRNtNtCsdfB75elLdI8_3std4path4PathEB4_
FN:26,_RINvNtCs10tvkwnf5vW_4tree12tree_printer20read_ignore_patternsRNtNtCsdfB75elLdI8_3std4path7PathBufEB4_
FN:47,_RINvNtCs10tvkwnf5vW_4tree12tree_printer26create_default_ignore_fileRNtNtCsdfB75elLdI8_3std4path4PathEB4_
FN:115,_RINvNtCs10tvkwnf5vW_4tree12tree_printer36print_directory_tree_recursive_shortINtNtNtCsdfB75elLdI8_3std2io6cursor6CursorINtNtCs7ZNJgePCJgb_5alloc3vec3VechEEEB4_
FN:115,_RINvNtCs10tvkwnf5vW_4tree12tree_printer36print_directory_tree_recursive_shortNtNtNtCsdfB75elLdI8_3std2io5stdio10StdoutLockEB4_
FN:201,_RNCINvNtCs10tvkwnf5vW_4tree12tree_printer20print_directory_treeRNtNtCsdfB75elLdI8_3std4path4PathE0B6_
FN:217,_RNCINvNtCs10tvkwnf5vW_4tree12tree_printer20print_directory_treeRNtNtCsdfB75elLdI8_3std4path4PathEs0_0B6_
FN:206,_RNCINvNtCs10tvkwnf5vW_4tree12tree_printer20print_directory_treeRNtNtCsdfB75elLdI8_3std4path4PathEs_0B6_
FN:34,_RNCINvNtCs10tvkwnf5vW_4tree12tree_printer20read_ignore_patternsRNtNtCsdfB75elLdI8_3std4path4PathE0B6_
FN:39,_RNCINvNtCs10tvkwnf5vW_4tree12tree_printer20read_ignore_patternsRNtNtCsdfB75elLdI8_3std4path4PathEs_0B6_
FN:34,_RNCINvNtCs10tvkwnf5vW_4tree12tree_printer20read_ignore_patternsRNtNtCsdfB75elLdI8_3std4path7PathBufE0B6_
FN:39,_RNCINvNtCs10tvkwnf5vW_4tree12tree_printer20read_ignore_patternsRNtNtCsdfB75elLdI8_3std4path7PathBufEs_0B6_
FN:98,_RNCINvNtCs10tvkwnf5vW_4tree12tree_printer26create_default_ignore_fileRNtNtCsdfB75elLdI8_3std4path4PathE0B6_
FN:122,_RNCINvNtCs10tvkwnf5vW_4tree12tree_printer36print_directory_tree_recursive_shortINtNtNtCsdfB75elLdI8_3std2io6cursor6CursorINtNtCs7ZNJgePCJgb_5alloc3vec3VechEEE0B6_
FN:137,_RNCINvNtCs10tvkwnf5vW_4tree12tree_printer36print_directory_tree_recursive_shortINtNtNtCsdfB75elLdI8_3std2io6cursor6CursorINtNtCs7ZNJgePCJgb_5alloc3vec3VechEEEs0_0B6_
FN:130,_RNCINvNtCs10tvkwnf5vW_4tree12tree_printer36print_directory_tree_recursive_shortINtNtNtCsdfB75elLdI8_3std2io6cursor6CursorINtNtCs7ZNJgePCJgb_5alloc3vec3VechEEEs_0B6_
FN:122,_RNCINvNtCs10tvkwnf5vW_4tree12tree_printer36print_directory_tree_recursive_shortNtNtNtCsdfB75elLdI8_3std2io5stdio10StdoutLockE0B6_
FN:137,_RNCINvNtCs10tvkwnf5vW_4tree12tree_printer36print_directory_tree_recursive_shortNtNtNtCsdfB75elLdI8_3std2io5stdio10StdoutLockEs0_0B6_
FN:130,_RNCINvNtCs10tvkwnf5vW_4tree12tree_printer36print_directory_tree_recursive_shortNtNtNtCsdfB75elLdI8_3std2io5stdio10StdoutLockEs_0B6_
FN:132,_RNCNCINvNtCs10tvkwnf5vW_4tree12tree_printer36print_directory_tree_recursive_shortINtNtNtCsdfB75elLdI8_3std2io6cursor6CursorINtNtCs7ZNJgePCJgb_5alloc3vec3VechEEEs_00B8_
FN:132,_RNCNCINvNtCs10tvkwnf5vW_4tree12tree_printer36print_directory_tree_recursive_shortNtNtNtCsdfB75elLdI8_3std2io5stdio10StdoutLockEs_00B8_
FN:22,_RNCNCNvNtCs10tvkwnf5vW_4tree12tree_printer13should_ignore00B7_
FN:22,_RNCNvNtCs10tvkwnf5vW_4tree12tree_printer13should_ignore0B5_
FN:18,_RNvNtCs10tvkwnf5vW_4tree12tree_printer13should_ignore
FN:352,_RNvNtNtCs10tvkwnf5vW_4tree12tree_printer5tests21create_test_directory
FN:441,_RNvNtNtCs10tvkwnf5vW_4tree12tree_printer5testss_31test_create_default_ignore_file
FN:374,_RNvNtNtCs10tvkwnf5vW_4tree12tree_printer5testss_32test_should_ignore_with_patterns
FN:414,_RNvNtNtCs10tvkwnf5vW_4tree12tree_printer5testss_35test_read_ignore_patterns_with_file
FN:392,_RNvNtNtCs10tvkwnf5vW_4tree12tree_printer5testss_35test_should_ignore_without_patterns
FN:1079,_RNvNtNtCs10tvkwnf5vW_4tree12tree_printer5testss_38test_print_directory_tree_all_branches
FN:551,_RNvNtNtCs10tvkwnf5vW_4tree12tree_printer5testss_39test_read_ignore_patterns_with_io_error
FN:739,_RNvNtNtCs10tvkwnf5vW_4tree12tree_printer5testss_40test_print_directory_tree_error_handling
FN:533,_RNvNtNtCs10tvkwnf5vW_4tree12tree_printer5testss_40test_should_ignore_with_invalid_filename
FN:924,_RNvNtNtCs10tvkwnf5vW_4tree12tree_printer5testss_40test_should_ignore_with_matching_pattern
FN:457,_RNvNtNtCs10tvkwnf5vW_4tree12tree_printer5testss_41test_print_directory_tree_recursive_short
FN:780,_RNvNtNtCs10tvkwnf5vW_4tree12tree_printer5testss_41test_read_ignore_patterns_file_read_error
FN:407,_RNvNtNtCs10tvkwnf5vW_4tree12tree_printer5testss_42test_read_ignore_patterns_nonexistent_file
FN:1014,_RNvNtNtCs10tvkwnf5vW_4tree12tree_printer5testss_44test_create_default_ignore_file_success_path
FN:479,_RNvNtNtCs10tvkwnf5vW_4tree12tree_printer5testss_44test_print_directory_tree_with_ignored_paths
FN:500,_RNvNtNtCs10tvkwnf5vW_4tree12tree_printer5testss_45test_print_directory_tree_creates_ignore_file
FN:559,_RNvNtNtCs10tvkwnf5vW_4tree12tree_printer5testss_46test_create_default_ignore_file_error_handling
FN:658,_RNvNtNtCs10tvkwnf5vW_4tree12tree_printer5testss_46test_read_ignore_patterns_with_complex_content
FN:996,_RNvNtNtCs10tvkwnf5vW_4tree12tree_printer5testss_48test_read_ignore_patterns_with_file_read_success
FN:620,_RNvNtNtCs10tvkwnf5vW_4tree12tree_printer5testss_49test_print_directory_tree_recursive_short_sorting
FN:1033,_RNvNtNtCs10tvkwnf5vW_4tree12tree_printer5testss_49test_should_ignore_comprehensive_pattern_matching
FN:516,_RNvNtNtCs10tvkwnf5vW_4tree12tree_printer5testss_51test_print_directory_tree_uses_existing_ignore_file
FN:759,_RNvNtNtCs10tvkwnf5vW_4tree12tree_printer5testss_52test_create_default_ignore_file_content_verification
FN:796,_RNvNtNtCs10tvkwnf5vW_4tree12tree_printer5testss_52test_print_directory_tree_with_gitignore_integration
FN:944,_RNvNtNtCs10tvkwnf5vW_4tree12tree_printer5testss_52test_should_ignore_with_empty_patterns_comprehensive
FN:689,_RNvNtNtCs10tvkwnf5vW_4tree12tree_printer5testss_53test_print_directory_tree_recursive_short_with_prefix
FN:711,_RNvNtNtCs10tvkwnf5vW_4tree12tree_printer5testss_55test_print_directory_tree_recursive_short_mixed_content
FN:862,_RNvNtNtCs10tvkwnf5vW_4tree12tree_printer5testss_56test_print_directory_tree_recursive_short_deep_recursion
FN:574,_RNvNtNtCs10tvkwnf5vW_4tree12tree_printer5testss_57test_print_directory_tree_recursive_short_empty_directory
FN:595,_RNvNtNtCs10tvkwnf5vW_4tree12tree_printer5testss_57test_print_directory_tree_recursive_short_with_files_only
FN:819,_RNvNtNtCs10tvkwnf5vW_4tree12tree_printer5testss_59test_print_directory_tree_recursive_short_io_error_handling
FN:959,_RNvNtNtCs10tvkwnf5vW_4tree12tree_printer5testss_59test_print_directory_tree_recursive_short_sorting_edge_case
FN:839,_RNvNtNtCs10tvkwnf5vW_4tree12tree_printer5testss_59test_print_directory_tree_recursive_short_with_ignored_path
FN:893,_RNvNtNtCs10tvkwnf5vW_4tree12tree_printer5testss_61test_print_directory_tree_recursive_short_with_partial_ignore
FN:642,_RNCNvNtNtCs10tvkwnf5vW_4tree12tree_printer5testss_49test_print_directory_tree_recursive_short_sorting0B7_
FN:644,_RNCNvNtNtCs10tvkwnf5vW_4tree12tree_printer5testss_49test_print_directory_tree_recursive_short_sortings0_0B7_
FN:645,_RNCNvNtNtCs10tvkwnf5vW_4tree12tree_printer5testss_49test_print_directory_tree_recursive_short_sortings1_0B7_
FN:643,_RNCNvNtNtCs10tvkwnf5vW_4tree12tree_printer5testss_49test_print_directory_tree_recursive_short_sortings_0B7_
FN:979,_RNCNvNtNtCs10tvkwnf5vW_4tree12tree_printer5testss_59test_print_directory_tree_recursive_short_sorting_edge_case0B7_
FN:981,_RNCNvNtNtCs10tvkwnf5vW_4tree12tree_printer5testss_59test_print_directory_tree_recursive_short_sorting_edge_cases0_0B7_
FN:982,_RNCNvNtNtCs10tvkwnf5vW_4tree12tree_printer5testss_59test_print_directory_tree_recursive_short_sorting_edge_cases1_0B7_
FN:980,_RNCNvNtNtCs10tvkwnf5vW_4tree12tree_printer5testss_59test_print_directory_tree_recursive_short_sorting_edge_cases_0B7_
FN:26,_RINvNtCs783jmKTKXyJ_4tree12tree_printer20read_ignore_patternsRNtNtCsdfB75elLdI8_3std4path4PathECsjPYXuFuwSZg_4tree
FN:47,_RINvNtCs783jmKTKXyJ_4tree12tree_printer26create_default_ignore_fileRNtNtCsdfB75elLdI8_3std4path4PathECsjPYXuFuwSZg_4tree
FN:240,_RINvNtCs783jmKTKXyJ_4tree12tree_printer30print_directory_tree_to_writerNtNtNtCsdfB75elLdI8_3std2io5stdio6StdoutECsjPYXuFuwSZg_4tree
FN:115,_RINvNtCs783jmKTKXyJ_4tree12tree_printer36print_directory_tree_recursive_shortNtNtNtCsdfB75elLdI8_3std2io5stdio6StdoutECsjPYXuFuwSZg_4tree
FN:34,_RNCINvNtCs783jmKTKXyJ_4tree12tree_printer20read_ignore_patternsRNtNtCsdfB75elLdI8_3std4path4PathE0CsjPYXuFuwSZg_4tree
FN:39,_RNCINvNtCs783jmKTKXyJ_4tree12tree_printer20read_ignore_patternsRNtNtCsdfB75elLdI8_3std4path4PathEs_0CsjPYXuFuwSZg_4tree
FN:98,_RNCINvNtCs783jmKTKXyJ_4tree12tree_printer26create_default_ignore_fileRNtNtCsdfB75elLdI8_3std4path4PathE0CsjPYXuFuwSZg_4tree
FN:259,_RNCINvNtCs783jmKTKXyJ_4tree12tree_printer30print_directory_tree_to_writerNtNtNtCsdfB75elLdI8_3std2io5stdio6StdoutE0CsjPYXuFuwSZg_4tree
FN:268,_RNCINvNtCs783jmKTKXyJ_4tree12tree_printer30print_directory_tree_to_writerNtNtNtCsdfB75elLdI8_3std2io5stdio6StdoutEs0_0CsjPYXuFuwSZg_4tree
FN:281,_RNCINvNtCs783jmKTKXyJ_4tree12tree_printer30print_directory_tree_to_writerNtNtNtCsdfB75elLdI8_3std2io5stdio6StdoutEs1_0CsjPYXuFuwSZg_4tree
FN:282,_RNCINvNtCs783jmKTKXyJ_4tree12tree_printer30print_directory_tree_to_writerNtNtNtCsdfB75elLdI8_3std2io5stdio6StdoutEs2_0CsjPYXuFuwSZg_4tree
FN:264,_RNCINvNtCs783jmKTKXyJ_4tree12tree_printer30print_directory_tree_to_writerNtNtNtCsdfB75elLdI8_3std2io5stdio6StdoutEs_0CsjPYXuFuwSZg_4tree
FN:122,_RNCINvNtCs783jmKTKXyJ_4tree12tree_printer36print_directory_tree_recursive_shortNtNtNtCsdfB75elLdI8_3std2io5stdio6StdoutE0CsjPYXuFuwSZg_4tree
FN:137,_RNCINvNtCs783jmKTKXyJ_4tree12tree_printer36print_directory_tree_recursive_shortNtNtNtCsdfB75elLdI8_3std2io5stdio6StdoutEs0_0CsjPYXuFuwSZg_4tree
FN:130,_RNCINvNtCs783jmKTKXyJ_4tree12tree_printer36print_directory_tree_recursive_shortNtNtNtCsdfB75elLdI8_3std2io5stdio6StdoutEs_0CsjPYXuFuwSZg_4tree
FN:132,_RNCNCINvNtCs783jmKTKXyJ_4tree12tree_printer36print_directory_tree_recursive_shortNtNtNtCsdfB75elLdI8_3std2io5stdio6StdoutEs_00CsjPYXuFuwSZg_4tree
FNDA:1032,_RINvNtCs783jmKTKXyJ_4tree12tree_printer20read_ignore_patternsRNtNtCsdfB75elLdI8_3std4path4PathECsd6w2qWaW15T_14property_tests
FNDA:516,_RINvNtCs783jmKTKXyJ_4tree12tree_printer26create_default_ignore_fileRNtNtCsdfB75elLdI8_3std4path4PathECsd6w2qWaW15T_14property_tests
FNDA:1032,_RINvNtCs783jmKTKXyJ_4tree12tree_printer30print_directory_tree_to_writerINtNtCs7ZNJgePCJgb_5alloc3vec3VechEECsd6w2qWaW15T_14property_tests
FNDA:2284,_RINvNtCs783jmKTKXyJ_4tree12tree_printer36print_directory_tree_recursive_shortINtNtCs7ZNJgePCJgb_5alloc3vec3VechEECsd6w2qWaW15T_14property_tests
FNDA:0,_RNCINvNtCs783jmKTKXyJ_4tree12tree_printer20read_ignore_patternsRNtNtCsdfB75elLdI8_3std4path4PathE0Csd6w2qWaW15T_14property_tests
FNDA:12267,_RNCINvNtCs783jmKTKXyJ_4tree12tree_printer20read_ignore_patternsRNtNtCsdfB75elLdI8_3std4path4PathEs_0Csd6w2qWaW15T_14property_tests
FNDA:0,_RNCINvNtCs783jmKTKXyJ_4tree12tree_printer26create_default_ignore_fileRNtNtCsdfB75elLdI8_3std4path4PathE0Csd6w2qWaW15T_14property_tests
FNDA:5523,_RNCINvNtCs783jmKTKXyJ_4tree12tree_printer30print_directory_tree_to_writerINtNtCs7ZNJgePCJgb_5alloc3vec3VechEE0Csd6w2qWaW15T_14property_tests
FNDA:8332,_RNCINvNtCs783jmKTKXyJ_4tree12tree_printer30print_directory_tree_to_writerINtNtCs7ZNJgePCJgb_5alloc3vec3VechEEs0_0Csd6w2qWaW15T_14property_tests
FNDA:4867,_RNCINvNtCs783jmKTKXyJ_4tree12tree_printer30print_directory_tree_to_writerINtNtCs7ZNJgePCJgb_5alloc3vec3VechEEs1_0Csd6w2qWaW15T_14property_tests
FNDA:0,_RNCINvNtCs783jmKTKXyJ_4tree12tree_printer30print_directory_tree_to_writerINtNtCs7ZNJgePCJgb_5alloc3vec3VechEEs2_0Csd6w2qWaW15T_14property_tests
FNDA:5899,_RNCINvNtCs783jmKTKXyJ_4tree12tree_printer30print_directory_tree_to_writerINtNtCs7ZNJgePCJgb_5alloc3vec3VechEEs_0Csd6w2qWaW15T_14property_tests
FNDA:0,_RNCINvNtCs783jmKTKXyJ_4tree12tree_printer36print_directory_tree_recursive_shortINtNtCs7ZNJgePCJgb_5alloc3vec3VechEE0Csd6w2qWaW15T_14property_tests
FNDA:10271,_RNCINvNtCs783jmKTKXyJ_4tree12tree_printer36print_directory_tree_recursive_shortINtNtCs7ZNJgePCJgb_5alloc3vec3VechEEs0_0Csd6w2qWaW15T_14property_tests
FNDA:5523,_RNCINvNtCs783jmKTKXyJ_4tree12tree_printer36print_directory_tree_recursive_shortINtNtCs7ZNJgePCJgb_5alloc3vec3VechEEs_0Csd6w2qWaW15T_14property_tests
FNDA:0,_RNCNCINvNtCs783jmKTKXyJ_4tree12tree_printer36print_directory_tree_recursive_shortINtNtCs7ZNJgePCJgb_5alloc3vec3VechEEs_00Csd6w2qWaW15T_14property_tests
FNDA:10404,_RNvNtCs783jmKTKXyJ_4tree12tree_printer13should_ignore
FNDA:776,_RNvNtCs783jmKTKXyJ_4tree12tree_printer24clear_ignore_files_count
FNDA:55417,_RNCNCNvNtCs783jmKTKXyJ_4tree12tree_printer13should_ignore00B7_
FNDA:10404,_RNCNvNtCs783jmKTKXyJ_4tree12tree_printer13should_ignore0B5_
FNDA:0,_RINvNtCs783jmKTKXyJ_4tree12tree_printer20print_directory_treepEB4_
FNDA:0,_RINvNtCs783jmKTKXyJ_4tree12tree_printer20read_ignore_patternspEB4_
FNDA:0,_RINvNtCs783jmKTKXyJ_4tree12tree_printer26create_default_ignore_filepEB4_
FNDA:0,_RINvNtCs783jmKTKXyJ_4tree12tree_printer30print_directory_tree_to_writerpEB4_
FNDA:0,_RINvNtCs783jmKTKXyJ_4tree12tree_printer36print_directory_tree_recursive_shortpEB4_
FNDA:0,_RNCINvNtCs783jmKTKXyJ_4tree12tree_printer20print_directory_treepE0B6_
FNDA:0,_RNCINvNtCs783jmKTKXyJ_4tree12tree_printer20print_directory_treepEs0_0B6_
FNDA:0,_RNCINvNtCs783jmKTKXyJ_4tree12tree_printer20print_directory_treepEs_0B6_
FNDA:0,_RNCINvNtCs783jmKTKXyJ_4tree12tree_printer20read_ignore_patternspE0B6_
FNDA:0,_RNCINvNtCs783jmKTKXyJ_4tree12tree_printer20read_ignore_patternspEs_0B6_
FNDA:0,_RNCINvNtCs783jmKTKXyJ_4tree12tree_printer26create_default_ignore_filepE0B6_
FNDA:0,_RNCINvNtCs783jmKTKXyJ_4tree12tree_printer30print_directory_tree_to_writerpE0B6_
FNDA:0,_RNCINvNtCs783jmKTKXyJ_4tree12tree_printer30print_directory_tree_to_writerpEs0_0B6_
FNDA:0,_RNCINvNtCs783jmKTKXyJ_4tree12tree_printer30print_directory_tree_to_writerpEs1_0B6_
FNDA:0,_RNCINvNtCs783jmKTKXyJ_4tree12tree_printer30print_directory_tree_to_writerpEs2_0B6_
FNDA:0,_RNCINvNtCs783jmKTKXyJ_4tree12tree_printer30print_directory_tree_to_writerpEs_0B6_
FNDA:0,_RNCINvNtCs783jmKTKXyJ_4tree12tree_printer36print_directory_tree_recursive_shortpE0B6_
FNDA:0,_RNCINvNtCs783jmKTKXyJ_4tree12tree_printer36print_directory_tree_recursive_shortpEs0_0B6_
FNDA:0,_RNCINvNtCs783jmKTKXyJ_4tree12tree_printer36print_directory_tree_recursive_shortpEs_0B6_
FNDA:0,_RNCNCINvNtCs783jmKTKXyJ_4tree12tree_printer36print_directory_tree_recursive_shortpEs_00B8_
FNDA:0,_RINvNtCs10tvkwnf5vW_4tree12tree_printer30print_directory_tree_to_writerpEB4_
FNDA:0,_RNCINvNtCs10tvkwnf5vW_4tree12tree_printer30print_directory_tree_to_writerpE0B6_
FNDA:0,_RNCINvNtCs10tvkwnf5vW_4tree12tree_printer30print_directory_tree_to_writerpEs0_0B6_
FNDA:0,_RNCINvNtCs10tvkwnf5vW_4tree12tree_printer30print_directory_tree_to_writerpEs1_0B6_
FNDA:0,_RNCINvNtCs10tvkwnf5vW_4tree12tree_printer30print_directory_tree_to_writerpEs2_0B6_
FNDA:0,_RNCINvNtCs10tvkwnf5vW_4tree12tree_printer30print_directory_tree_to_writerpEs_0B6_
FNDA:0,_RNvNtCs10tvkwnf5vW_4tree12tree_printer24clear_ignore_files_count
FNDA:6,_RINvNtCs10tvkwnf5vW_4tree12tree_printer20print_directory_treeRNtNtCsdfB75elLdI8_3std4path4PathEB4_
FNDA:11,_RINvNtCs10tvkwnf5vW_4tree12tree_printer20read_ignore_patternsRNtNtCsdfB75elLdI8_3std4path4PathEB4_
FNDA:1,_RINvNtCs10tvkwnf5vW_4tree12tree_printer20read_ignore_patternsRNtNtCsdfB75elLdI8_3std4path7PathBufEB4_
FNDA:8,_RINvNtCs10tvkwnf5vW_4tree12tree_printer26create_default_ignore_fileRNtNtCsdfB75elLdI8_3std4path4PathEB4_
FNDA:26,_RINvNtCs10tvkwnf5vW_4tree12tree_printer36print_directory_tree_recursive_shortINtNtNtCsdfB75elLdI8_3std2io6cursor6CursorINtNtCs7ZNJgePCJgb_5alloc3vec3VechEEEB4_
FNDA:17,_RINvNtCs10tvkwnf5vW_4tree12tree_printer36print_directory_tree_recursive_shortNtNtNtCsdfB75elLdI8_3std2io5stdio10StdoutLockEB4_
FNDA:40,_RNCINvNtCs10tvkwnf5vW_4tree12tree_printer20print_directory_treeRNtNtCsdfB75elLdI8_3std4path4PathE0B6_
FNDA:51,_RNCINvNtCs10tvkwnf5vW_4tree12tree_printer20print_directory_treeRNtNtCsdfB75elLdI8_3std4path4PathEs0_0B6_
FNDA:42,_RNCINvNtCs10tvkwnf5vW_4tree12tree_printer20print_directory_treeRNtNtCsdfB75elLdI8_3std4path4PathEs_0B6_
FNDA:0,_RNCINvNtCs10tvkwnf5vW_4tree12tree_printer20read_ignore_patternsRNtNtCsdfB75elLdI8_3std4path4PathE0B6_
FNDA:165,_RNCINvNtCs10tvkwnf5vW_4tree12tree_printer20read_ignore_patternsRNtNtCsdfB75elLdI8_3std4path4PathEs_0B6_
FNDA:0,_RNCINvNtCs10tvkwnf5vW_4tree12tree_printer20read_ignore_patternsRNtNtCsdfB75elLdI8_3std4path7PathBufE0B6_
FNDA:0,_RNCINvNtCs10tvkwnf5vW_4tree12tree_printer20read_ignore_patternsRNtNtCsdfB75elLdI8_3std4path7PathBufEs_0B6_
FNDA:0,_RNCINvNtCs10tvkwnf5vW_4tree12tree_printer26create_default_ignore_fileRNtNtCsdfB75elLdI8_3std4path4PathE0B6_
FNDA:6,_RNCINvNtCs10tvkwnf5vW_4tree12tree_printer36print_directory_tree_recursive_shortINtNtNtCsdfB75elLdI8_3std2io6cursor6CursorINtNtCs7ZNJgePCJgb_5alloc3vec3VechEEE0B6_
FNDA:25,_RNCINvNtCs10tvkwnf5vW_4tree12tree_printer36print_directory_tree_recursive_shortINtNtNtCsdfB75elLdI8_3std2io6cursor6CursorINtNtCs7ZNJgePCJgb_5alloc3vec3VechEEEs0_0B6_
FNDA:37,_RNCINvNtCs10tvkwnf5vW_4tree12tree_printer36print_directory_tree_recursive_shortINtNtNtCsdfB75elLdI8_3std2io6cursor6CursorINtNtCs7ZNJgePCJgb_5alloc3vec3VechEEEs_0B6_
FNDA:20,_RNCINvNtCs10tvkwnf5vW_4tree12tree_printer36print_directory_tree_recursive_shortNtNtNtCsdfB75elLdI8_3std2io5stdio10StdoutLockE0B6_
FNDA:32,_RNCINvNtCs10tvkwnf5vW_4tree12tree_printer36print_directory_tree_recursive_shortNtNtNtCsdfB75elLdI8_3std2io5stdio10StdoutLockEs0_0B6_
FNDA:40,_RNCINvNtCs10tvkwnf5vW_4tree12tree_printer36print_directory_tree_recursive_shortNtNtNtCsdfB75elLdI8_3std2io5stdio10StdoutLockEs_0B6_
FNDA:10,_RNCNCINvNtCs10tvkwnf5vW_4tree12tree_printer36print_directory_tree_recursive_shortINtNtNtCsdfB75elLdI8_3std2io6cursor6CursorINtNtCs7ZNJgePCJgb_5alloc3vec3VechEEEs_00B8_
FNDA:54,_RNCNCINvNtCs10tvkwnf5vW_4tree12tree_printer36print_directory_tree_recursive_shortNtNtNtCsdfB75elLdI8_3std2io5stdio10StdoutLockEs_00B8_
FNDA:488,_RNCNCNvNtCs10tvkwnf5vW_4tree12tree_printer13should_ignore00B7_
FNDA:73,_RNCNvNtCs10tvkwnf5vW_4tree12tree_printer13should_ignore0B5_
FNDA:73,_RNvNtCs10tvkwnf5vW_4tree12tree_printer13should_ignore
FNDA:16,_RNvNtNtCs10tvkwnf5vW_4tree12tree_printer5tests21create_test_directory
FNDA:1,_RNvNtNtCs10tvkwnf5vW_4tree12tree_printer5testss_31test_create_default_ignore_file
FNDA:1,_RNvNtNtCs10tvkwnf5vW_4tree12tree_printer5testss_32test_should_ignore_with_patterns
FNDA:1,_RNvNtNtCs10tvkwnf5vW_4tree12tree_printer5testss_35test_read_ignore_patterns_with_file
FNDA:1,_RNvNtNtCs10tvkwnf5vW_4tree12tree_printer5testss_35test_should_ignore_without_patterns
FNDA:1,_RNvNtNtCs10tvkwnf5vW_4tree12tree_printer5testss_38test_print_directory_tree_all_branches
FNDA:1,_RNvNtNtCs10tvkwnf5vW_4tree12tree_printer5testss_39test_read_ignore_patterns_with_io_error
FNDA:1,_RNvNtNtCs10tvkwnf5vW_4tree12tree_printer5testss_40test_print_directory_tree_error_handling
FNDA:1,_RNvNtNtCs10tvkwnf5vW_4tree12tree_printer5testss_40test_should_ignore_with_invalid_filename
FNDA:1,_RNvNtNtCs10tvkwnf5vW_4tree12tree_printer5testss_40test_should_ignore_with_matching_pattern
FNDA:1,_RNvNtNtCs10tvkwnf5vW_4tree12tree_printer5testss_41test_print_directory_tree_recursive_short
FNDA:1,_RNvNtNtCs10tvkwnf5vW_4tree12tree_printer5testss_41test_read_ignore_patterns_file_read_error
FNDA:1,_RNvNtNtCs10tvkwnf5vW_4tree12tree_printer5testss_42test_read_ignore_patterns_nonexistent_file
FNDA:1,_RNvNtNtCs10tvkwnf5vW_4tree12tree_printer5testss_44test_create_default_ignore_file_success_path
FNDA:1,_RNvNtNtCs10tvkwnf5vW_4tree12tree_printer5testss_44test_print_directory_tree_with_ignored_paths
FNDA:1,_RNvNtNtCs10tvkwnf5vW_4tree12tree_printer5testss_45test_print_directory_tree_creates_ignore_file
FNDA:1,_RNvNtNtCs10tvkwnf5vW_4tree12tree_printer5testss_46test_create_default_ignore_file_error_handling
FNDA:1,_RNvNtNtCs10tvkwnf5vW_4tree12tree_printer5testss_46test_read_ignore_patterns_with_complex_content
FNDA:1,_RNvNtNtCs10tvkwnf5vW_4tree12tree_printer5testss_48test_read_ignore_patterns_with_file_read_success
FNDA:1,_RNvNtNtCs10tvkwnf5vW_4tree12tree_printer5testss_49test_print_directory_tree_recursive_short_sorting
FNDA:1,_RNvNtNtCs10tvkwnf5vW_4tree12tree_printer5testss_49test_should_ignore_comprehensive_pattern_matching
FNDA:1,_RNvNtNtCs10tvkwnf5vW_4tree12tree_printer5testss_51test_print_directory_tree_uses_existing_ignore_file
FNDA:1,_RNvNtNtCs10tvkwnf5vW_4tree12tree_printer5testss_52test_create_default_ignore_file_content_verification
FNDA:1,_RNvNtNtCs10tvkwnf5vW_4tree12tree_printer5testss_52test_print_directory_tree_with_gitignore_integration
FNDA:1,_RNvNtNtCs10tvkwnf5vW_4tree12tree_printer5testss_52test_should_ignore_with_empty_patterns_comprehensive
FNDA:1,_RNvNtNtCs10tvkwnf5vW_4tree12tree_printer5testss_53test_print_directory_tree_recursive_short_with_prefix
FNDA:1,_RNvNtNtCs10tvkwnf5vW_4tree12tree_printer5testss_55test_print_directory_tree_recursive_short_mixed_content
FNDA:1,_RNvNtNtCs10tvkwnf5vW_4tree12tree_printer5testss_56test_print_directory_tree_recursive_short_deep_recursion
FNDA:1,_RNvNtNtCs10tvkwnf5vW_4tree12tree_printer5testss_57test_print_directory_tree_recursive_short_empty_directory
FNDA:1,_RNvNtNtCs10tvkwnf5vW_4tree12tree_printer5testss_57test_print_directory_tree_recursive_short_with_files_only
FNDA:1,_RNvNtNtCs10tvkwnf5vW_4tree12tree_printer5testss_59test_print_directory_tree_recursive_short_io_error_handling
FNDA:1,_RNvNtNtCs10tvkwnf5vW_4tree12tree_printer5testss_59test_print_directory_tree_recursive_short_sorting_edge_case
FNDA:1,_RNvNtNtCs10tvkwnf5vW_4tree12tree_printer5testss_59test_print_directory_tree_recursive_short_with_ignored_path
FNDA:1,_RNvNtNtCs10tvkwnf5vW_4tree12tree_printer5testss_61test_print_directory_tree_recursive_short_with_partial_ignore
FNDA:1,_RNCNvNtNtCs10tvkwnf5vW_4tree12tree_printer5testss_49test_print_directory_tree_recursive_short_sorting0B7_
FNDA:3,_RNCNvNtNtCs10tvkwnf5vW_4tree12tree_printer5testss_49test_print_directory_tree_recursive_short_sortings0_0B7_
FNDA:4,_RNCNvNtNtCs10tvkwnf5vW_4tree12tree_printer5testss_49test_print_directory_tree_recursive_short_sortings1_0B7_
FNDA:2,_RNCNvNtNtCs10tvkwnf5vW_4tree12tree_printer5testss_49test_print_directory_tree_recursive_short_sortings_0B7_
FNDA:1,_RNCNvNtNtCs10tvkwnf5vW_4tree12tree_printer5testss_59test_print_directory_tree_recursive_short_sorting_edge_case0B7_
FNDA:3,_RNCNvNtNtCs10tvkwnf5vW_4tree12tree_printer5testss_59test_print_directory_tree_recursive_short_sorting_edge_cases0_0B7_
FNDA:4,_RNCNvNtNtCs10tvkwnf5vW_4tree12tree_printer5testss_59test_print_directory_tree_recursive_short_sorting_edge_cases1_0B7_
FNDA:2,_RNCNvNtNtCs10tvkwnf5vW_4tree12tree_printer5testss_59test_print_directory_tree_recursive_short_sorting_edge_cases_0B7_
FNDA:2,_RINvNtCs783jmKTKXyJ_4tree12tree_printer20read_ignore_patternsRNtNtCsdfB75elLdI8_3std4path4PathECsjPYXuFuwSZg_4tree
FNDA:2,_RINvNtCs783jmKTKXyJ_4tree12tree_printer26create_default_ignore_fileRNtNtCsdfB75elLdI8_3std4path4PathECsjPYXuFuwSZg_4tree
FNDA:2,_RINvNtCs783jmKTKXyJ_4tree12tree_printer30print_directory_tree_to_writerNtNtNtCsdfB75elLdI8_3std2io5stdio6StdoutECsjPYXuFuwSZg_4tree
FNDA:4,_RINvNtCs783jmKTKXyJ_4tree12tree_printer36print_directory_tree_recursive_shortNtNtNtCsdfB75elLdI8_3std2io5stdio6StdoutECsjPYXuFuwSZg_4tree
FNDA:0,_RNCINvNtCs783jmKTKXyJ_4tree12tree_printer20read_ignore_patternsRNtNtCsdfB75elLdI8_3std4path4PathE0CsjPYXuFuwSZg_4tree
FNDA:0,_RNCINvNtCs783jmKTKXyJ_4tree12tree_printer20read_ignore_patternsRNtNtCsdfB75elLdI8_3std4path4PathEs_0CsjPYXuFuwSZg_4tree
FNDA:0,_RNCINvNtCs783jmKTKXyJ_4tree12tree_printer26create_default_ignore_fileRNtNtCsdfB75elLdI8_3std4path4PathE0CsjPYXuFuwSZg_4tree
FNDA:7,_RNCINvNtCs783jmKTKXyJ_4tree12tree_printer30print_directory_tree_to_writerNtNtNtCsdfB75elLdI8_3std2io5stdio6StdoutE0CsjPYXuFuwSZg_4tree
FNDA:6,_RNCINvNtCs783jmKTKXyJ_4tree12tree_printer30print_directory_tree_to_writerNtNtNtCsdfB75elLdI8_3std2io5stdio6StdoutEs0_0CsjPYXuFuwSZg_4tree
FNDA:7,_RNCINvNtCs783jmKTKXyJ_4tree12tree_printer30print_directory_tree_to_writerNtNtNtCsdfB75elLdI8_3std2io5stdio6StdoutEs1_0CsjPYXuFuwSZg_4tree
FNDA:0,_RNCINvNtCs783jmKTKXyJ_4tree12tree_printer30print_directory_tree_to_writerNtNtNtCsdfB75elLdI8_3std2io5stdio6StdoutEs2_0CsjPYXuFuwSZg_4tree
FNDA:9,_RNCINvNtCs783jmKTKXyJ_4tree12tree_printer30print_directory_tree_to_writerNtNtNtCsdfB75elLdI8_3std2io5stdio6StdoutEs_0CsjPYXuFuwSZg_4tree
FNDA:0,_RNCINvNtCs783jmKTKXyJ_4tree12tree_printer36print_directory_tree_recursive_shortNtNtNtCsdfB75elLdI8_3std2io5stdio6StdoutE0CsjPYXuFuwSZg_4tree
FNDA:4,_RNCINvNtCs783jmKTKXyJ_4tree12tree_printer36print_directory_tree_recursive_shortNtNtNtCsdfB75elLdI8_3std2io5stdio6StdoutEs0_0CsjPYXuFuwSZg_4tree
FNDA:7,_RNCINvNtCs783jmKTKXyJ_4tree12tree_printer36print_directory_tree_recursive_shortNtNtNtCsdfB75elLdI8_3std2io5stdio6StdoutEs_0CsjPYXuFuwSZg_4tree
FNDA:0,_RNCNCINvNtCs783jmKTKXyJ_4tree12tree_printer36print_directory_tree_recursive_shortNtNtNtCsdfB75elLdI8_3std2io5stdio6StdoutEs_00CsjPYXuFuwSZg_4tree
FNF:66
FNH:63
DA:18,10477
DA:19,10477
DA:20,10477
DA:21,10477
DA:22,55905
DA:23,10477
DA:26,1046
DA:27,1046
DA:29,1046
DA:30,520
DA:31,526
DA:33,526
DA:34,526
DA:36,526
DA:37,526
DA:38,526
DA:39,12432
DA:40,526
DA:41,526
DA:43,526
DA:44,1046
DA:47,526
DA:48,526
DA:49,526
DA:51,526
DA:52,526
DA:53,526
DA:54,526
DA:55,526
DA:56,526
DA:57,526
DA:58,526
DA:59,526
DA:60,526
DA:61,526
DA:62,526
DA:63,526
DA:64,526
DA:65,526
DA:66,526
DA:67,526
DA:68,526
DA:69,526
DA:70,526
DA:71,526
DA:72,526
DA:73,526
DA:74,526
DA:75,526
DA:76,526
DA:77,526
DA:78,526
DA:79,526
DA:80,526
DA:81,526
DA:82,526
DA:83,526
DA:84,526
DA:85,526
DA:86,526
DA:87,526
DA:88,526
DA:89,526
DA:90,526
DA:91,526
DA:92,526
DA:93,526
DA:94,526
DA:95,526
DA:96,526
DA:98,526
DA:99,0
DA:100,0
DA:101,0
DA:103,0
DA:105,526
DA:106,526
DA:107,526
DA:109,526
DA:111,526
DA:112,526
DA:115,2331
DA:116,2331
DA:117,2331
DA:118,2331
DA:119,2331
DA:120,2331
DA:122,2331
DA:123,1
DA:124,2330
DA:127,2330
DA:128,2330
DA:129,2330
DA:130,5607
DA:132,5607
DA:133,5607
DA:134,2330
DA:137,10332
DA:138,10332
DA:139,10332
DA:141,10332
DA:142,2907
DA:143,166
DA:144,7259
DA:146,10332
DA:148,5601
DA:149,5601
DA:150,5601
DA:151,5601
DA:154,5601
DA:155,1073
DA:157,4528
DA:161,5601
DA:162,5601
DA:165,5601
DA:166,1279
DA:167,1279
DA:168,4322
DA:171,2330
DA:172,2331
DA:182,6
DA:183,6
DA:184,6
DA:185,6
DA:186,6
DA:189,6
DA:190,6
DA:191,3
DA:192,3
DA:195,6
DA:198,6
DA:199,6
DA:200,6
DA:201,40
DA:202,6
DA:204,6
DA:205,6
DA:206,42
DA:207,6
DA:210,6
DA:211,6
DA:212,6
DA:213,6
DA:215,6
DA:216,6
DA:217,51
DA:218,6
DA:221,6
DA:222,6
DA:223,6
DA:224,6
DA:227,6
DA:229,6
DA:230,6
DA:240,1034
DA:241,1034
DA:244,1034
DA:247,1034
DA:248,1034
DA:249,518
DA:250,516
DA:253,1034
DA:256,1034
DA:257,1034
DA:258,1034
DA:259,5530
DA:260,1034
DA:262,1034
DA:263,1034
DA:264,5908
DA:265,1034
DA:268,8338
DA:269,8338
DA:270,8338
DA:272,8338
DA:273,2875
DA:274,164
DA:275,5299
DA:277,8338
DA:279,1034
DA:280,1034
DA:281,4874
DA:282,1034
DA:283,1034
DA:285,1034
DA:286,1034
DA:296,776
DA:297,776
DA:298,776
DA:301,5037
DA:304,5037
DA:305,5037
DA:306,5037
DA:307,3828
DA:308,3828
DA:310,5037
DA:311,1209
DA:312,1209
DA:313,1209
DA:314,1209
DA:315,0
DA:316,0
DA:317,0
DA:318,0
DA:319,0
DA:321,3828
DA:323,0
DA:324,0
DA:325,0
DA:326,0
DA:331,776
DA:332,776
DA:333,776
DA:335,776
DA:336,546
DA:337,546
DA:338,230
DA:339,230
DA:341,776
DA:342,776
DA:352,16
DA:353,16
DA:354,16
DA:357,16
DA:358,16
DA:359,16
DA:361,16
DA:362,16
DA:364,16
DA:365,16
DA:367,16
DA:368,16
DA:370,16
DA:371,16
DA:374,1
DA:375,1
DA:376,1
DA:379,1
DA:380,1
DA:382,1
DA:384,2
DA:385,2
DA:386,1
DA:387,1
DA:389,1
DA:392,1
DA:393,1
DA:394,1
DA:396,1
DA:397,1
DA:399,1
DA:401,3
DA:402,3
DA:404,1
DA:407,1
DA:408,1
DA:409,1
DA:410,1
DA:411,1
DA:414,1
DA:415,1
DA:416,1
DA:419,1
DA:420,1
DA:421,1
DA:422,1
DA:423,1
DA:424,1
DA:425,1
DA:426,1
DA:428,1
DA:429,1
DA:431,1
DA:433,1
DA:434,1
DA:435,1
DA:436,1
DA:437,1
DA:438,1
DA:441,1
DA:442,1
DA:443,1
DA:445,1
DA:447,1
DA:448,1
DA:450,1
DA:451,1
DA:452,1
DA:453,1
DA:454,1
DA:457,1
DA:458,1
DA:459,1
DA:461,1
DA:462,1
DA:464,1
DA:465,1
DA:467,1
DA:470,1
DA:471,1
DA:472,1
DA:475,1
DA:476,1
DA:479,1
DA:480,1
DA:481,1
DA:483,1
DA:484,1
DA:486,1
DA:487,1
DA:489,1
DA:492,1
DA:493,1
DA:496,1
DA:497,1
DA:500,1
DA:501,1
DA:502,1
DA:504,1
DA:506,1
DA:507,1
DA:510,1
DA:511,1
DA:512,1
DA:513,1
DA:516,1
DA:517,1
DA:518,1
DA:521,1
DA:522,1
DA:523,1
DA:525,1
DA:528,1
DA:529,1
DA:530,1
DA:533,1
DA:534,1
DA:535,1
DA:539,1
DA:542,1
DA:544,9
DA:545,9
DA:546,9
DA:547,9
DA:548,1
DA:551,1
DA:553,1
DA:554,1
DA:555,1
DA:556,1
DA:559,1
DA:560,1
DA:561,1
DA:564,1
DA:567,1
DA:570,1
DA:571,1
DA:574,1
DA:575,1
DA:576,1
DA:579,1
DA:580,1
DA:582,1
DA:583,1
DA:585,1
DA:586,1
DA:588,1
DA:591,1
DA:592,1
DA:595,1
DA:596,1
DA:597,1
DA:600,1
DA:601,1
DA:603,1
DA:604,1
DA:606,1
DA:607,1
DA:609,1
DA:612,1
DA:613,1
DA:616,1
DA:617,1
DA:620,1
DA:621,1
DA:622,1
DA:625,1
DA:626,1
DA:627,1
DA:628,1
DA:630,1
DA:631,1
DA:633,1
DA:634,1
DA:636,1
DA:639,1
DA:642,1
DA:643,2
DA:644,3
DA:645,4
DA:648,1
DA:649,1
DA:651,1
DA:652,1
DA:653,1
DA:654,0
DA:655,1
DA:658,1
DA:659,1
DA:660,1
DA:663,1
DA:664,1
DA:665,1
DA:666,1
DA:667,1
DA:668,1
DA:669,1
DA:670,1
DA:671,1
DA:672,1
DA:673,1
DA:675,1
DA:676,1
DA:678,1
DA:681,1
DA:682,1
DA:683,1
DA:684,1
DA:685,1
DA:686,1
DA:689,1
DA:690,1
DA:691,1
DA:694,1
DA:696,1
DA:697,1
DA:700,1
DA:701,1
DA:703,1
DA:706,1
DA:707,1
DA:708,1
DA:711,1
DA:712,1
DA:713,1
DA:716,1
DA:717,1
DA:718,1
DA:719,1
DA:721,1
DA:722,1
DA:724,1
DA:725,1
DA:727,1
DA:730,1
DA:731,1
DA:732,1
DA:735,1
DA:736,1
DA:739,1
DA:740,1
DA:741,1
DA:745,1
DA:746,1
DA:747,1
DA:750,1
DA:753,1
DA:754,1
DA:755,1
DA:756,1
DA:759,1
DA:760,1
DA:761,1
DA:763,1
DA:765,1
DA:766,1
DA:769,1
DA:770,1
DA:771,1
DA:772,1
DA:773,1
DA:774,1
DA:775,1
DA:776,1
DA:777,1
DA:780,1
DA:781,1
DA:782,1
DA:785,1
DA:786,1
DA:789,1
DA:790,1
DA:791,1
DA:792,1
DA:793,1
DA:796,1
DA:797,1
DA:798,1
DA:801,1
DA:802,1
DA:804,1
DA:805,1
DA:808,1
DA:809,1
DA:812,1
DA:815,1
DA:816,1
DA:819,1
DA:820,1
DA:821,1
DA:824,1
DA:827,1
DA:828,1
DA:830,1
DA:831,1
DA:832,1
DA:834,1
DA:835,1
DA:836,1
DA:839,1
DA:840,1
DA:841,1
DA:844,1
DA:845,1
DA:847,1
DA:850,1
DA:852,1
DA:853,1
DA:854,1
DA:857,1
DA:858,1
DA:859,1
DA:862,1
DA:863,1
DA:864,1
DA:867,1
DA:868,1
DA:869,1
DA:870,1
DA:873,1
DA:875,1
DA:876,1
DA:879,1
DA:880,1
DA:881,1
DA:883,1
DA:886,1
DA:887,1
DA:888,1
DA:889,1
DA:890,1
DA:893,1
DA:894,1
DA:895,1
DA:898,1
DA:899,1
DA:900,1
DA:901,1
DA:902,1
DA:903,1
DA:905,1
DA:908,1
DA:910,1
DA:911,1
DA:912,1
DA:914,1
DA:917,1
DA:918,1
DA:919,1
DA:920,1
DA:921,1
DA:924,1
DA:925,1
DA:926,1
DA:929,1
DA:930,1
DA:932,9
DA:933,9
DA:935,1
DA:936,8
DA:938,1
DA:939,7
DA:941,1
DA:944,1
DA:945,1
DA:946,1
DA:948,1
DA:949,1
DA:952,9
DA:954,9
DA:956,1
DA:959,1
DA:960,1
DA:961,1
DA:964,1
DA:965,1
DA:966,1
DA:967,1
DA:969,1
DA:970,1
DA:972,1
DA:973,1
DA:975,1
DA:976,1
DA:979,1
DA:980,2
DA:981,3
DA:982,4
DA:985,1
DA:986,1
DA:989,1
DA:990,1
DA:991,1
DA:992,0
DA:993,1
DA:996,1
DA:997,1
DA:998,1
DA:1001,1
DA:1002,1
DA:1003,1
DA:1006,1
DA:1007,1
DA:1008,1
DA:1009,1
DA:1010,1
DA:1011,1
DA:1014,1
DA:1015,1
DA:1016,1
DA:1019,1
DA:1020,1
DA:1023,1
DA:1024,1
DA:1026,1
DA:1027,1
DA:1028,1
DA:1029,1
DA:1030,1
DA:1033,1
DA:1034,1
DA:1035,1
DA:1037,1
DA:1038,1
DA:1040,1
DA:1041,1
DA:1042,1
DA:1043,1
DA:1045,9
DA:1046,9
DA:1047,9
DA:1048,9
DA:1049,1
DA:1050,1
DA:1052,8
DA:1053,1
DA:1054,1
DA:1056,7
DA:1057,1
DA:1058,1
DA:1060,6
DA:1061,1
DA:1062,1
DA:1066,5
DA:1067,5
DA:1068,0
DA:1071,0
DA:1075,1
DA:1076,1
DA:1079,1
DA:1080,1
DA:1081,1
DA:1084,1
DA:1085,1
DA:1086,1
DA:1087,1
DA:1088,1
DA:1089,1
DA:1092,1
DA:1093,1
DA:1096,1
DA:1099,1
DA:1100,1
DA:1101,1
DA:1103,1
DA:1104,1
DA:1107,1
DA:1108,1
DA:1109,1
BRF:0
BRH:0
LF:715
LH:694
end_of_record